#-----------------------------------------------------------
# Vivado v2015.2 (64-bit)
# SW Build 1266856 on Fri Jun 26 16:35:25 MDT 2015
# IP Build 1264090 on Wed Jun 24 14:22:01 MDT 2015
# Start of session at: Sun Nov 18 19:49:46 2018
# Process ID: 9068
# Log file: C:/Users/IT/Desktop/c21/jizu/danzhouqicpu/vivado.log
# Journal file: C:/Users/IT/Desktop/c21/jizu/danzhouqicpu\vivado.jou
#-----------------------------------------------------------
start_gui
open_project C:/Users/IT/Desktop/c21/jizu/danzhouqicpu/danzhouqicpu.xpr
Scanning sources...
Finished scanning sources
INFO: [IP_Flow 19-234] Refreshing IP repositories
INFO: [IP_Flow 19-1704] No user IP repositories specified
INFO: [IP_Flow 19-2313] Loaded Vivado IP repository 'C:/Xilinx/Vivado/2015.2/data/ip'.
open_project: Time (s): cpu = 00:00:12 ; elapsed = 00:00:07 . Memory (MB): peak = 692.730 ; gain = 128.406
close [ open C:/Users/IT/Desktop/c21/jizu/danzhouqicpu/danzhouqicpu.srcs/sources_1/new/choose_B.v w ]
add_files C:/Users/IT/Desktop/c21/jizu/danzhouqicpu/danzhouqicpu.srcs/sources_1/new/choose_B.v
update_compile_order -fileset sources_1
close [ open C:/Users/IT/Desktop/c21/jizu/danzhouqicpu/danzhouqicpu.srcs/sources_1/new/choose_regdata.v w ]
add_files C:/Users/IT/Desktop/c21/jizu/danzhouqicpu/danzhouqicpu.srcs/sources_1/new/choose_regdata.v
update_compile_order -fileset sources_1
close [ open C:/Users/IT/Desktop/c21/jizu/danzhouqicpu/danzhouqicpu.srcs/sources_1/new/singleStyleCPU.v w ]
add_files C:/Users/IT/Desktop/c21/jizu/danzhouqicpu/danzhouqicpu.srcs/sources_1/new/singleStyleCPU.v
update_compile_order -fileset sources_1
update_compile_order -fileset sources_1
update_compile_order -fileset sim_1
update_compile_order -fileset sources_1
update_compile_order -fileset sources_1
update_compile_order -fileset sources_1
update_compile_order -fileset sim_1
remove_files C:/Users/IT/Desktop/c21/jizu/danzhouqicpu/danzhouqicpu.srcs/sources_1/new/lacth.v
update_compile_order -fileset sources_1
update_compile_order -fileset sim_1
update_compile_order -fileset sources_1
exit
INFO: [Common 17-206] Exiting Vivado at Mon Nov 19 01:02:09 2018...
