#-----------------------------------------------------------
# Vivado v2015.2 (64-bit)
# SW Build 1266856 on Fri Jun 26 16:35:25 MDT 2015
# IP Build 1264090 on Wed Jun 24 14:22:01 MDT 2015
# Start of session at: Mon Nov 19 22:59:08 2018
# Process ID: 3396
# Log file: C:/Users/IT/Desktop/c21/jizu/danzhouqicpu/vivado.log
# Journal file: C:/Users/IT/Desktop/c21/jizu/danzhouqicpu\vivado.jou
#-----------------------------------------------------------
start_gui
open_project C:/Users/IT/Desktop/c21/jizu/danzhouqicpu/danzhouqicpu.xpr
Scanning sources...
Finished scanning sources
INFO: [IP_Flow 19-234] Refreshing IP repositories
INFO: [IP_Flow 19-1704] No user IP repositories specified
INFO: [IP_Flow 19-2313] Loaded Vivado IP repository 'C:/Xilinx/Vivado/2015.2/data/ip'.
open_project: Time (s): cpu = 00:00:12 ; elapsed = 00:00:06 . Memory (MB): peak = 724.348 ; gain = 142.992
launch_simulation
INFO: [USF-XSim-27] Simulation object is 'sim_1'
INFO: [USF-XSim-37] Inspecting design source files for 'SingleCircleCPUTest' in fileset 'sim_1'...
INFO: [USF-XSim-97] Finding global include files...
INFO: [USF-XSim-98] Fetching design files from 'sim_1'...
INFO: [USF-XSim-2] XSim::Compile design
INFO: [USF-XSim-61] Executing 'COMPILE' step in 'C:/Users/IT/Desktop/c21/jizu/danzhouqicpu/danzhouqicpu.sim/sim_1/behav'
"xvlog -m64 --relax -prj SingleCircleCPUTest_vlog.prj"
INFO: [VRFC 10-2263] Analyzing Verilog file "C:/Users/IT/Desktop/c21/jizu/danzhouqicpu/danzhouqicpu.srcs/sources_1/new/signzeroextend.v" into library xil_defaultlib
INFO: [VRFC 10-311] analyzing module signzeroextend
INFO: [VRFC 10-2263] Analyzing Verilog file "C:/Users/IT/Desktop/c21/jizu/danzhouqicpu/danzhouqicpu.srcs/sources_1/new/ROM.v" into library xil_defaultlib
INFO: [VRFC 10-311] analyzing module ROM
INFO: [VRFC 10-2263] Analyzing Verilog file "C:/Users/IT/Desktop/c21/jizu/danzhouqicpu/danzhouqicpu.srcs/sources_1/new/RegFile.v" into library xil_defaultlib
INFO: [VRFC 10-311] analyzing module RegFile
INFO: [VRFC 10-2263] Analyzing Verilog file "C:/Users/IT/Desktop/c21/jizu/danzhouqicpu/danzhouqicpu.srcs/sources_1/new/RAM.v" into library xil_defaultlib
INFO: [VRFC 10-311] analyzing module RAM
INFO: [VRFC 10-2263] Analyzing Verilog file "C:/Users/IT/Desktop/c21/jizu/danzhouqicpu/danzhouqicpu.srcs/sources_1/new/PC.v" into library xil_defaultlib
INFO: [VRFC 10-311] analyzing module PC
INFO: [VRFC 10-2263] Analyzing Verilog file "C:/Users/IT/Desktop/c21/jizu/danzhouqicpu/danzhouqicpu.srcs/sources_1/new/ControlUnit.v" into library xil_defaultlib
INFO: [VRFC 10-311] analyzing module ControlUnit
INFO: [VRFC 10-2263] Analyzing Verilog file "C:/Users/IT/Desktop/c21/jizu/danzhouqicpu/danzhouqicpu.srcs/sources_1/new/ALU.v" into library xil_defaultlib
INFO: [VRFC 10-311] analyzing module ALU
INFO: [VRFC 10-2263] Analyzing Verilog file "C:/Users/IT/Desktop/c21/jizu/danzhouqicpu/danzhouqicpu.srcs/sources_1/new/singleStyleCPU.v" into library xil_defaultlib
INFO: [VRFC 10-311] analyzing module singleStyleCPU
INFO: [VRFC 10-2263] Analyzing Verilog file "C:/Users/IT/Desktop/c21/jizu/danzhouqicpu/danzhouqicpu.srcs/sim_1/new/cpu_sim.v" into library xil_defaultlib
INFO: [VRFC 10-311] analyzing module SingleCircleCPUTest
INFO: [VRFC 10-2263] Analyzing Verilog file "C:/Users/IT/Desktop/c21/jizu/danzhouqicpu/danzhouqicpu.sim/sim_1/behav/glbl.v" into library xil_defaultlib
INFO: [VRFC 10-311] analyzing module glbl
INFO: [USF-XSim-3] XSim::Elaborate design
INFO: [USF-XSim-61] Executing 'ELABORATE' step in 'C:/Users/IT/Desktop/c21/jizu/danzhouqicpu/danzhouqicpu.sim/sim_1/behav'
Vivado Simulator 2015.2
Copyright 1986-1999, 2001-2015 Xilinx, Inc. All Rights Reserved.
Running: C:/Xilinx/Vivado/2015.2/bin/unwrapped/win64.o/xelab.exe -wto b884e9f66f114c0b9c9fec2adf78fe4d --debug typical --relax --mt 2 -L xil_defaultlib -L unisims_ver -L unimacro_ver -L secureip --snapshot SingleCircleCPUTest_behav xil_defaultlib.SingleCircleCPUTest xil_defaultlib.glbl -log elaborate.log 
Using 2 slave threads.
WARNING: [XSIM 43-3431] One or more environment variables have been detected which affect the operation of the C compiler. These are typically not set in standard installations and are not tested by Xilinx, however they may be appropriate for your system, so the flow will attempt to continue.  If errors occur, try running fuse with the "-mt off -v 1" switches to see more information from the C compiler. The following environment variables have been detected:
    LIBRARY_PATH
Starting static elaboration
Completed static elaboration
Starting simulation data flow analysis
Completed simulation data flow analysis
Time Resolution for simulation is 1ps
Compiling module xil_defaultlib.ALU
Compiling module xil_defaultlib.PC
Compiling module xil_defaultlib.ControlUnit
Compiling module xil_defaultlib.RAM
Compiling module xil_defaultlib.ROM
Compiling module xil_defaultlib.RegFile
Compiling module xil_defaultlib.signzeroextend
Compiling module xil_defaultlib.singleStyleCPU
Compiling module xil_defaultlib.SingleCircleCPUTest
Compiling module xil_defaultlib.glbl
Waiting for 2 sub-compilation(s) to finish...
Built simulation snapshot SingleCircleCPUTest_behav

****** Webtalk v2015.2 (64-bit)
  **** SW Build 1266856 on Fri Jun 26 16:35:25 MDT 2015
  **** IP Build 1264090 on Wed Jun 24 14:22:01 MDT 2015
    ** Copyright 1986-2015 Xilinx, Inc. All Rights Reserved.

source C:/Users/IT/Desktop/c21/jizu/danzhouqicpu/danzhouqicpu.sim/sim_1/behav/xsim.dir/SingleCircleCPUTest_behav/webtalk/xsim_webtalk.tcl -notrace

    while executing
"webtalk_transmit -clientid 1293417720 -regid "210766071_0_0_148" -xml C:/Users/IT/Desktop/c21/jizu/danzhouqicpu/danzhouqicpu.sim/sim_1/behav/xsim.dir/..."
    (file "C:/Users/IT/Desktop/c21/jizu/danzhouqicpu/danzhouqicpu.sim/sim_1/behav/xsim.dir/SingleCircleCPUTest_behav/webtalk/xsim_webtalk.tcl" line 41)
INFO: [Common 17-206] Exiting Webtalk at Mon Nov 19 23:25:05 2018...
run_program: Time (s): cpu = 00:00:01 ; elapsed = 00:00:07 . Memory (MB): peak = 753.184 ; gain = 0.000
INFO: [USF-XSim-4] XSim::Simulate design
INFO: [USF-XSim-61] Executing 'SIMULATE' step in 'C:/Users/IT/Desktop/c21/jizu/danzhouqicpu/danzhouqicpu.sim/sim_1/behav'
INFO: [USF-XSim-98] *** Running xsim
   with args "SingleCircleCPUTest_behav -key {Behavioral:sim_1:Functional:SingleCircleCPUTest} -tclbatch {SingleCircleCPUTest.tcl} -log {simulate.log}"
INFO: [USF-XSim-8] Loading simulator feature
Vivado Simulator 2015.2
Time resolution is 1 ps
source SingleCircleCPUTest.tcl
# set curr_wave [current_wave_config]
# if { [string length $curr_wave] == 0 } {
#   if { [llength [get_objects]] > 0} {
#     add_wave /
#     set_property needs_save false [current_wave_config]
#   } else {
#      send_msg_id Add_Wave-1 WARNING "No top level signals found. Simulator will start without a wave window. If you want to open a wave window go to 'File->New Waveform Configuration' or type 'create_wave_config' in the TCL console."
#   }
# }
# run 1000ns
INFO: [USF-XSim-96] XSim completed. Design snapshot 'SingleCircleCPUTest_behav' loaded.
INFO: [USF-XSim-97] XSim simulation ran for 1000ns
launch_simulation: Time (s): cpu = 00:00:05 ; elapsed = 00:00:11 . Memory (MB): peak = 753.184 ; gain = 0.000
close_sim
INFO: [Simtcl 6-16] Simulation closed
close_sim: Time (s): cpu = 00:00:00 ; elapsed = 00:00:06 . Memory (MB): peak = 753.184 ; gain = 0.000
launch_simulation
INFO: [USF-XSim-27] Simulation object is 'sim_1'
INFO: [USF-XSim-37] Inspecting design source files for 'SingleCircleCPUTest' in fileset 'sim_1'...
INFO: [USF-XSim-97] Finding global include files...
INFO: [USF-XSim-98] Fetching design files from 'sim_1'...
INFO: [USF-XSim-2] XSim::Compile design
INFO: [USF-XSim-61] Executing 'COMPILE' step in 'C:/Users/IT/Desktop/c21/jizu/danzhouqicpu/danzhouqicpu.sim/sim_1/behav'
"xvlog -m64 --relax -prj SingleCircleCPUTest_vlog.prj"
INFO: [VRFC 10-2263] Analyzing Verilog file "C:/Users/IT/Desktop/c21/jizu/danzhouqicpu/danzhouqicpu.srcs/sources_1/new/signzeroextend.v" into library xil_defaultlib
INFO: [VRFC 10-311] analyzing module signzeroextend
INFO: [VRFC 10-2263] Analyzing Verilog file "C:/Users/IT/Desktop/c21/jizu/danzhouqicpu/danzhouqicpu.srcs/sources_1/new/ROM.v" into library xil_defaultlib
INFO: [VRFC 10-311] analyzing module ROM
INFO: [VRFC 10-2263] Analyzing Verilog file "C:/Users/IT/Desktop/c21/jizu/danzhouqicpu/danzhouqicpu.srcs/sources_1/new/RegFile.v" into library xil_defaultlib
INFO: [VRFC 10-311] analyzing module RegFile
INFO: [VRFC 10-2263] Analyzing Verilog file "C:/Users/IT/Desktop/c21/jizu/danzhouqicpu/danzhouqicpu.srcs/sources_1/new/RAM.v" into library xil_defaultlib
INFO: [VRFC 10-311] analyzing module RAM
INFO: [VRFC 10-2263] Analyzing Verilog file "C:/Users/IT/Desktop/c21/jizu/danzhouqicpu/danzhouqicpu.srcs/sources_1/new/PC.v" into library xil_defaultlib
INFO: [VRFC 10-311] analyzing module PC
INFO: [VRFC 10-2263] Analyzing Verilog file "C:/Users/IT/Desktop/c21/jizu/danzhouqicpu/danzhouqicpu.srcs/sources_1/new/ControlUnit.v" into library xil_defaultlib
INFO: [VRFC 10-311] analyzing module ControlUnit
INFO: [VRFC 10-2263] Analyzing Verilog file "C:/Users/IT/Desktop/c21/jizu/danzhouqicpu/danzhouqicpu.srcs/sources_1/new/ALU.v" into library xil_defaultlib
INFO: [VRFC 10-311] analyzing module ALU
INFO: [VRFC 10-2263] Analyzing Verilog file "C:/Users/IT/Desktop/c21/jizu/danzhouqicpu/danzhouqicpu.srcs/sources_1/new/singleStyleCPU.v" into library xil_defaultlib
INFO: [VRFC 10-311] analyzing module singleStyleCPU
INFO: [VRFC 10-2263] Analyzing Verilog file "C:/Users/IT/Desktop/c21/jizu/danzhouqicpu/danzhouqicpu.srcs/sim_1/new/cpu_sim.v" into library xil_defaultlib
INFO: [VRFC 10-311] analyzing module SingleCircleCPUTest
INFO: [VRFC 10-2263] Analyzing Verilog file "C:/Users/IT/Desktop/c21/jizu/danzhouqicpu/danzhouqicpu.sim/sim_1/behav/glbl.v" into library xil_defaultlib
INFO: [VRFC 10-311] analyzing module glbl
INFO: [USF-XSim-3] XSim::Elaborate design
INFO: [USF-XSim-61] Executing 'ELABORATE' step in 'C:/Users/IT/Desktop/c21/jizu/danzhouqicpu/danzhouqicpu.sim/sim_1/behav'
Vivado Simulator 2015.2
Copyright 1986-1999, 2001-2015 Xilinx, Inc. All Rights Reserved.
Running: C:/Xilinx/Vivado/2015.2/bin/unwrapped/win64.o/xelab.exe -wto b884e9f66f114c0b9c9fec2adf78fe4d --debug typical --relax --mt 2 -L xil_defaultlib -L unisims_ver -L unimacro_ver -L secureip --snapshot SingleCircleCPUTest_behav xil_defaultlib.SingleCircleCPUTest xil_defaultlib.glbl -log elaborate.log 
Using 2 slave threads.
WARNING: [XSIM 43-3431] One or more environment variables have been detected which affect the operation of the C compiler. These are typically not set in standard installations and are not tested by Xilinx, however they may be appropriate for your system, so the flow will attempt to continue.  If errors occur, try running fuse with the "-mt off -v 1" switches to see more information from the C compiler. The following environment variables have been detected:
    LIBRARY_PATH
Starting static elaboration
Completed static elaboration
Starting simulation data flow analysis
Completed simulation data flow analysis
Time Resolution for simulation is 1ps
Compiling module xil_defaultlib.ALU
Compiling module xil_defaultlib.PC
Compiling module xil_defaultlib.ControlUnit
Compiling module xil_defaultlib.RAM
Compiling module xil_defaultlib.ROM
Compiling module xil_defaultlib.RegFile
Compiling module xil_defaultlib.signzeroextend
Compiling module xil_defaultlib.singleStyleCPU
Compiling module xil_defaultlib.SingleCircleCPUTest
Compiling module xil_defaultlib.glbl
Waiting for 2 sub-compilation(s) to finish...
Built simulation snapshot SingleCircleCPUTest_behav

****** Webtalk v2015.2 (64-bit)
  **** SW Build 1266856 on Fri Jun 26 16:35:25 MDT 2015
  **** IP Build 1264090 on Wed Jun 24 14:22:01 MDT 2015
    ** Copyright 1986-2015 Xilinx, Inc. All Rights Reserved.

source C:/Users/IT/Desktop/c21/jizu/danzhouqicpu/danzhouqicpu.sim/sim_1/behav/xsim.dir/SingleCircleCPUTest_behav/webtalk/xsim_webtalk.tcl -notrace
INFO: [Common 17-186] 'C:/Users/IT/Desktop/c21/jizu/danzhouqicpu/danzhouqicpu.sim/sim_1/behav/xsim.dir/SingleCircleCPUTest_behav/webtalk/usage_statistics_ext_xsim.xml' has been successfully sent to Xilinx on Mon Nov 19 23:25:51 2018. For additional details about this file, please refer to the WebTalk help file at C:/Xilinx/Vivado/2015.2/doc/webtalk_introduction.html.
INFO: [Common 17-206] Exiting Webtalk at Mon Nov 19 23:25:51 2018...
run_program: Time (s): cpu = 00:00:01 ; elapsed = 00:00:06 . Memory (MB): peak = 753.184 ; gain = 0.000
INFO: [USF-XSim-4] XSim::Simulate design
INFO: [USF-XSim-61] Executing 'SIMULATE' step in 'C:/Users/IT/Desktop/c21/jizu/danzhouqicpu/danzhouqicpu.sim/sim_1/behav'
INFO: [USF-XSim-98] *** Running xsim
   with args "SingleCircleCPUTest_behav -key {Behavioral:sim_1:Functional:SingleCircleCPUTest} -tclbatch {SingleCircleCPUTest.tcl} -log {simulate.log}"
INFO: [USF-XSim-8] Loading simulator feature
Vivado Simulator 2015.2
Time resolution is 1 ps
source SingleCircleCPUTest.tcl
# set curr_wave [current_wave_config]
# if { [string length $curr_wave] == 0 } {
#   if { [llength [get_objects]] > 0} {
#     add_wave /
#     set_property needs_save false [current_wave_config]
#   } else {
#      send_msg_id Add_Wave-1 WARNING "No top level signals found. Simulator will start without a wave window. If you want to open a wave window go to 'File->New Waveform Configuration' or type 'create_wave_config' in the TCL console."
#   }
# }
# run 1000ns
INFO: [USF-XSim-96] XSim completed. Design snapshot 'SingleCircleCPUTest_behav' loaded.
INFO: [USF-XSim-97] XSim simulation ran for 1000ns
launch_simulation: Time (s): cpu = 00:00:02 ; elapsed = 00:00:09 . Memory (MB): peak = 753.184 ; gain = 0.000
close_sim
INFO: [Simtcl 6-16] Simulation closed
close_sim: Time (s): cpu = 00:00:02 ; elapsed = 00:00:08 . Memory (MB): peak = 768.594 ; gain = 0.000
exit
INFO: [Common 17-206] Exiting Vivado at Tue Nov 20 00:06:08 2018...
